<?xml version="1.0" encoding="UTF-8"?>
<!-- Generated by org.testng.reporters.JUnitXMLReporter -->
<testsuite hostname="DESKTOP-598O4S4" ignored="0" name="regression" tests="3" failures="0" timestamp="2022-12-16T13:35:29 GMT" time="20.981" errors="0">
  <testcase name="aChileanComingToTheUKForWorkAndPlansOnStayingForLongerThanSixMonths" time="8.065" classname="gov.uk.check.visa.testsuites.VisaConfirmationTest"/>
  <testcase name="aColumbianNationalComingToTheUKToJoinAPartnerForALongStayTheyDoHaveAnArticle10Or20Card" time="1.508" classname="gov.uk.check.visa.testsuites.VisaConfirmationTest"/>
  <testcase name="anAustralianCominToUKForTourism" time="0.853" classname="gov.uk.check.visa.testsuites.VisaConfirmationTest"/>
</testsuite> <!-- regression -->
